2012/10/22 16:48:16 [emerg] 19392#0: bind() to 0.0.0.0:80 failed (98: Address already in use)
2012/10/22 16:48:16 [emerg] 19392#0: bind() to 0.0.0.0:80 failed (98: Address already in use)
2012/10/22 16:48:16 [emerg] 19392#0: bind() to 0.0.0.0:80 failed (98: Address already in use)
2012/10/22 16:48:16 [emerg] 19392#0: bind() to 0.0.0.0:80 failed (98: Address already in use)
2012/10/22 16:48:16 [emerg] 19392#0: bind() to 0.0.0.0:80 failed (98: Address already in use)
2012/10/22 16:48:16 [emerg] 19392#0: still could not bind()
2012/10/22 17:02:39 [emerg] 21527#0: bind() to 0.0.0.0:80 failed (98: Address already in use)
2012/10/22 17:02:39 [emerg] 21527#0: bind() to 0.0.0.0:80 failed (98: Address already in use)
2012/10/22 17:02:39 [emerg] 21527#0: bind() to 0.0.0.0:80 failed (98: Address already in use)
2012/10/22 17:02:39 [emerg] 21527#0: bind() to 0.0.0.0:80 failed (98: Address already in use)
2012/10/22 17:02:39 [emerg] 21527#0: bind() to 0.0.0.0:80 failed (98: Address already in use)
2012/10/22 17:02:39 [emerg] 21527#0: still could not bind()
2012/10/23 11:21:23 [debug] 28890#0: bind() 0.0.0.0:1080 #7 
2012/10/23 11:21:23 [debug] 28890#0: counter: B773B080, 1
2012/10/23 11:21:32 [debug] 28914#0: bind() 0.0.0.0:1080 #7 
2012/10/23 11:21:32 [notice] 28914#0: using the "epoll" event method
2012/10/23 11:21:32 [debug] 28914#0: counter: B7706080, 1
2012/10/23 11:21:32 [notice] 28914#0: nginx/0.8.54
2012/10/23 11:21:32 [notice] 28914#0: OS: Linux 2.6.38-13-generic
2012/10/23 11:21:32 [notice] 28914#0: getrlimit(RLIMIT_NOFILE): 1024:4096
2012/10/23 11:21:32 [debug] 28915#0: write: 8, BF8E5176, 6, 0
2012/10/23 11:21:32 [debug] 28915#0: setproctitle: "nginx: master process nginx -c /home/lidesheng/MyWorks/nginx/conf/nginx.conf"
2012/10/23 11:21:32 [notice] 28915#0: start worker processes
2012/10/23 11:21:32 [debug] 28915#0: channel 3:8
2012/10/23 11:21:32 [notice] 28915#0: start worker process 28916
2012/10/23 11:21:32 [debug] 28915#0: sigsuspend
2012/10/23 11:21:32 [debug] 28916#0: malloc: 095CA660:6144
2012/10/23 11:21:32 [debug] 28916#0: malloc: B712F008:6029312
2012/10/23 11:21:32 [debug] 28916#0: malloc: B6DEE008:3407872
2012/10/23 11:21:32 [debug] 28916#0: malloc: B6AAD008:3407872
2012/10/23 11:21:32 [debug] 28916#0: epoll add event: fd:8 op:1 ev:00000001
2012/10/23 11:21:32 [debug] 28916#0: setproctitle: "nginx: worker process"
2012/10/23 11:21:32 [debug] 28916#0: worker cycle
2012/10/23 11:21:32 [debug] 28916#0: epoll timer: -1
2012/10/23 11:22:23 [notice] 28915#0: signal 15 (SIGTERM) received, exiting
2012/10/23 11:22:23 [debug] 28915#0: wake up, sigio 0
2012/10/23 11:22:23 [debug] 28915#0: child: 0 28916 e:0 t:0 d:0 r:1 j:0
2012/10/23 11:22:23 [debug] 28915#0: termination cycle: 50
2012/10/23 11:22:23 [debug] 28915#0: sigsuspend
2012/10/23 11:22:23 [debug] 28916#0: epoll: fd:8 ev:0001 d:B712F064
2012/10/23 11:22:23 [debug] 28916#0: channel handler
2012/10/23 11:22:23 [debug] 28916#0: channel: 16
2012/10/23 11:22:23 [debug] 28916#0: channel command: 4
2012/10/23 11:22:23 [debug] 28916#0: channel: -2
2012/10/23 11:22:23 [debug] 28916#0: timer delta: 51510
2012/10/23 11:22:23 [debug] 28916#0: posted events 00000000
2012/10/23 11:22:23 [notice] 28916#0: exiting
2012/10/23 11:22:23 [debug] 28916#0: flush files
2012/10/23 11:22:23 [debug] 28916#0: run cleanup: 095D4AEC
2012/10/23 11:22:23 [debug] 28916#0: cleanup resolver
2012/10/23 11:22:23 [debug] 28916#0: run cleanup: 095C783C
2012/10/23 11:22:23 [debug] 28916#0: free: 095DB680
2012/10/23 11:22:23 [debug] 28916#0: free: 095C6640, unused: 0
2012/10/23 11:22:23 [debug] 28916#0: free: 095D13E0, unused: 0
2012/10/23 11:22:23 [debug] 28916#0: free: 095D63F0, unused: 6504
2012/10/23 11:22:23 [notice] 28916#0: exit
2012/10/23 11:22:23 [notice] 28915#0: signal 17 (SIGCHLD) received
2012/10/23 11:22:23 [notice] 28915#0: worker process 28916 exited with code 0
2012/10/23 11:22:23 [debug] 28915#0: wake up, sigio 3
2012/10/23 11:22:23 [debug] 28915#0: reap children
2012/10/23 11:22:23 [debug] 28915#0: child: 0 28916 e:1 t:1 d:0 r:1 j:0
2012/10/23 11:22:23 [notice] 28915#0: exit
2012/10/23 11:22:23 [debug] 28915#0: close listening 0.0.0.0:1080 #7 
2012/10/23 11:22:23 [debug] 28915#0: run cleanup: 095D4AEC
2012/10/23 11:22:23 [debug] 28915#0: cleanup resolver
2012/10/23 11:22:23 [debug] 28915#0: run cleanup: 095C783C
2012/10/23 11:22:23 [debug] 28915#0: free: 095DB680
2012/10/23 11:22:23 [debug] 28915#0: free: 095C6640, unused: 0
2012/10/23 11:22:23 [debug] 28915#0: free: 095D13E0, unused: 0
2012/10/23 11:22:23 [debug] 28915#0: free: 095D63F0, unused: 6511
2012/10/23 11:22:32 [debug] 29068#0: bind() 0.0.0.0:1080 #7 
2012/10/23 11:22:32 [notice] 29068#0: using the "epoll" event method
2012/10/23 11:22:32 [debug] 29068#0: counter: B77D1080, 1
2012/10/23 11:22:32 [notice] 29068#0: nginx/0.8.54
2012/10/23 11:22:32 [notice] 29068#0: OS: Linux 2.6.38-13-generic
2012/10/23 11:22:32 [notice] 29068#0: getrlimit(RLIMIT_NOFILE): 1024:4096
2012/10/23 11:22:32 [debug] 29071#0: write: 8, BFBDAB46, 6, 0
2012/10/23 11:22:32 [debug] 29071#0: setproctitle: "nginx: master process nginx -c /home/lidesheng/MyWorks/nginx/conf/nginx.conf"
2012/10/23 11:22:32 [notice] 29071#0: start worker processes
2012/10/23 11:22:32 [debug] 29071#0: channel 3:8
2012/10/23 11:22:32 [notice] 29071#0: start worker process 29072
2012/10/23 11:22:32 [debug] 29071#0: sigsuspend
2012/10/23 11:22:32 [debug] 29072#0: malloc: 09C0F660:6144
2012/10/23 11:22:32 [debug] 29072#0: malloc: B71FA008:6029312
2012/10/23 11:22:32 [debug] 29072#0: malloc: B6EB9008:3407872
2012/10/23 11:22:32 [debug] 29072#0: malloc: B6B78008:3407872
2012/10/23 11:22:32 [debug] 29072#0: epoll add event: fd:8 op:1 ev:00000001
2012/10/23 11:22:32 [debug] 29072#0: setproctitle: "nginx: worker process"
2012/10/23 11:22:32 [debug] 29072#0: worker cycle
2012/10/23 11:22:32 [debug] 29072#0: epoll timer: -1
2012/10/23 11:24:24 [notice] 29072#0: signal 15 (SIGTERM) received, exiting
2012/10/23 11:24:24 [info] 29072#0: epoll_wait() failed (4: Interrupted system call)
2012/10/23 11:24:24 [debug] 29072#0: timer delta: 112256
2012/10/23 11:24:24 [debug] 29072#0: posted events 00000000
2012/10/23 11:24:24 [notice] 29072#0: exiting
2012/10/23 11:24:24 [debug] 29072#0: flush files
2012/10/23 11:24:24 [debug] 29072#0: run cleanup: 09C19AEC
2012/10/23 11:24:24 [debug] 29072#0: cleanup resolver
2012/10/23 11:24:24 [debug] 29072#0: run cleanup: 09C0C83C
2012/10/23 11:24:24 [debug] 29072#0: free: 09C20680
2012/10/23 11:24:24 [debug] 29072#0: free: 09C0B640, unused: 0
2012/10/23 11:24:24 [debug] 29072#0: free: 09C163E0, unused: 0
2012/10/23 11:24:24 [debug] 29072#0: free: 09C1B3F0, unused: 6504
2012/10/23 11:24:24 [notice] 29072#0: exit
2012/10/23 11:24:24 [notice] 29071#0: signal 17 (SIGCHLD) received
2012/10/23 11:24:24 [notice] 29071#0: worker process 29072 exited with code 0
2012/10/23 11:24:24 [debug] 29071#0: wake up, sigio 0
2012/10/23 11:24:24 [debug] 29071#0: reap children
2012/10/23 11:24:24 [debug] 29071#0: child: 0 29072 e:0 t:1 d:0 r:1 j:0
2012/10/23 11:24:24 [debug] 29071#0: channel 3:8
2012/10/23 11:24:24 [notice] 29071#0: start worker process 29394
2012/10/23 11:24:24 [debug] 29071#0: sigsuspend
2012/10/23 11:24:24 [debug] 29394#0: malloc: 09C0F660:6144
2012/10/23 11:24:24 [debug] 29394#0: malloc: B71FA008:6029312
2012/10/23 11:24:24 [debug] 29394#0: malloc: B6EB9008:3407872
2012/10/23 11:24:24 [debug] 29394#0: malloc: B6B78008:3407872
2012/10/23 11:24:24 [debug] 29394#0: epoll add event: fd:8 op:1 ev:00000001
2012/10/23 11:24:24 [debug] 29394#0: setproctitle: "nginx: worker process"
2012/10/23 11:24:24 [debug] 29394#0: worker cycle
2012/10/23 11:24:24 [debug] 29394#0: epoll timer: -1
2012/10/23 11:24:33 [debug] 29416#0: bind() 0.0.0.0:1080 #7 
2012/10/23 11:24:33 [emerg] 29416#0: bind() to 0.0.0.0:1080 failed (98: Address already in use)
2012/10/23 11:24:33 [notice] 29416#0: try again to bind() after 500ms
2012/10/23 11:24:33 [debug] 29416#0: bind() 0.0.0.0:1080 #7 
2012/10/23 11:24:33 [emerg] 29416#0: bind() to 0.0.0.0:1080 failed (98: Address already in use)
2012/10/23 11:24:33 [notice] 29416#0: try again to bind() after 500ms
2012/10/23 11:24:33 [debug] 29416#0: bind() 0.0.0.0:1080 #7 
2012/10/23 11:24:33 [emerg] 29416#0: bind() to 0.0.0.0:1080 failed (98: Address already in use)
2012/10/23 11:24:33 [notice] 29416#0: try again to bind() after 500ms
2012/10/23 11:24:33 [debug] 29416#0: bind() 0.0.0.0:1080 #7 
2012/10/23 11:24:33 [emerg] 29416#0: bind() to 0.0.0.0:1080 failed (98: Address already in use)
2012/10/23 11:24:33 [notice] 29416#0: try again to bind() after 500ms
2012/10/23 11:24:33 [debug] 29416#0: bind() 0.0.0.0:1080 #7 
2012/10/23 11:24:33 [emerg] 29416#0: bind() to 0.0.0.0:1080 failed (98: Address already in use)
2012/10/23 11:24:33 [notice] 29416#0: try again to bind() after 500ms
2012/10/23 11:24:33 [emerg] 29416#0: still could not bind()
2012/10/23 11:25:04 [notice] 29071#0: signal 15 (SIGTERM) received, exiting
2012/10/23 11:25:04 [debug] 29071#0: wake up, sigio 0
2012/10/23 11:25:04 [debug] 29071#0: child: 0 29394 e:0 t:0 d:0 r:1 j:0
2012/10/23 11:25:04 [debug] 29071#0: termination cycle: 50
2012/10/23 11:25:04 [debug] 29071#0: sigsuspend
2012/10/23 11:25:04 [debug] 29394#0: epoll: fd:8 ev:0001 d:B71FA064
2012/10/23 11:25:04 [debug] 29394#0: channel handler
2012/10/23 11:25:04 [debug] 29394#0: channel: 16
2012/10/23 11:25:04 [debug] 29394#0: channel command: 4
2012/10/23 11:25:04 [debug] 29394#0: channel: -2
2012/10/23 11:25:04 [debug] 29394#0: timer delta: 39586
2012/10/23 11:25:04 [debug] 29394#0: posted events 00000000
2012/10/23 11:25:04 [notice] 29394#0: exiting
2012/10/23 11:25:04 [debug] 29394#0: flush files
2012/10/23 11:25:04 [debug] 29394#0: run cleanup: 09C19AEC
2012/10/23 11:25:04 [debug] 29394#0: cleanup resolver
2012/10/23 11:25:04 [debug] 29394#0: run cleanup: 09C0C83C
2012/10/23 11:25:04 [debug] 29394#0: free: 09C20680
2012/10/23 11:25:04 [debug] 29394#0: free: 09C0B640, unused: 0
2012/10/23 11:25:04 [debug] 29394#0: free: 09C163E0, unused: 0
2012/10/23 11:25:04 [debug] 29394#0: free: 09C1B3F0, unused: 6504
2012/10/23 11:25:04 [notice] 29394#0: exit
2012/10/23 11:25:04 [notice] 29071#0: signal 17 (SIGCHLD) received
2012/10/23 11:25:04 [notice] 29071#0: worker process 29394 exited with code 0
2012/10/23 11:25:04 [debug] 29071#0: wake up, sigio 3
2012/10/23 11:25:04 [debug] 29071#0: reap children
2012/10/23 11:25:04 [debug] 29071#0: child: 0 29394 e:1 t:1 d:0 r:1 j:0
2012/10/23 11:25:04 [notice] 29071#0: exit
2012/10/23 11:25:04 [debug] 29071#0: close listening 0.0.0.0:1080 #7 
2012/10/23 11:25:04 [debug] 29071#0: run cleanup: 09C19AEC
2012/10/23 11:25:04 [debug] 29071#0: cleanup resolver
2012/10/23 11:25:04 [debug] 29071#0: run cleanup: 09C0C83C
2012/10/23 11:25:04 [debug] 29071#0: free: 09C20680
2012/10/23 11:25:04 [debug] 29071#0: free: 09C0B640, unused: 0
2012/10/23 11:25:04 [debug] 29071#0: free: 09C163E0, unused: 0
2012/10/23 11:25:04 [debug] 29071#0: free: 09C1B3F0, unused: 6511
2012/10/23 11:25:09 [debug] 29517#0: bind() 0.0.0.0:1080 #7 
2012/10/23 11:25:09 [notice] 29517#0: using the "epoll" event method
2012/10/23 11:25:09 [debug] 29517#0: counter: B7725080, 1
2012/10/23 11:25:09 [notice] 29517#0: nginx/0.8.54
2012/10/23 11:25:09 [notice] 29517#0: OS: Linux 2.6.38-13-generic
2012/10/23 11:25:09 [notice] 29517#0: getrlimit(RLIMIT_NOFILE): 1024:4096
2012/10/23 11:25:09 [debug] 29518#0: write: 8, BF89D116, 6, 0
2012/10/23 11:25:09 [debug] 29518#0: setproctitle: "nginx: master process nginx -c /home/lidesheng/MyWorks/nginx/conf/nginx.conf"
2012/10/23 11:25:09 [notice] 29518#0: start worker processes
2012/10/23 11:25:09 [debug] 29518#0: channel 3:8
2012/10/23 11:25:09 [notice] 29518#0: start worker process 29519
2012/10/23 11:25:09 [debug] 29518#0: sigsuspend
2012/10/23 11:25:09 [debug] 29519#0: malloc: 09BFC660:6144
2012/10/23 11:25:09 [debug] 29519#0: malloc: B714E008:6029312
2012/10/23 11:25:09 [debug] 29519#0: malloc: B6E0D008:3407872
2012/10/23 11:25:09 [debug] 29519#0: malloc: B6ACC008:3407872
2012/10/23 11:25:09 [debug] 29519#0: epoll add event: fd:8 op:1 ev:00000001
2012/10/23 11:25:09 [debug] 29519#0: setproctitle: "nginx: worker process"
2012/10/23 11:25:09 [debug] 29519#0: worker cycle
2012/10/23 11:25:09 [debug] 29519#0: epoll timer: -1
2012/10/23 11:25:19 [debug] 29519#0: epoll: fd:7 ev:0001 d:B714E008
2012/10/23 11:25:19 [debug] 29519#0: timer delta: 10864
2012/10/23 11:25:19 [debug] 29519#0: posted events 00000000
2012/10/23 11:25:19 [debug] 29519#0: worker cycle
2012/10/23 11:25:19 [debug] 29519#0: epoll timer: 60000
2012/10/23 11:25:19 [debug] 29519#0: epoll: fd:3 ev:0001 d:B714E0C0
2012/10/23 11:25:19 [debug] 29519#0: timer delta: 22
2012/10/23 11:25:19 [debug] 29519#0: posted events B6E0D070
2012/10/23 11:25:19 [debug] 29519#0: posted event B6E0D070
2012/10/23 11:25:19 [debug] 29519#0: posted event 00000000
2012/10/23 11:25:19 [debug] 29519#0: worker cycle
2012/10/23 11:25:19 [debug] 29519#0: epoll timer: 65000
2012/10/23 11:26:25 [debug] 29519#0: timer delta: 65070
2012/10/23 11:26:25 [debug] 29519#0: posted events 00000000
2012/10/23 11:26:25 [debug] 29519#0: worker cycle
2012/10/23 11:26:25 [debug] 29519#0: epoll timer: -1
2012/10/23 11:26:36 [debug] 29725#0: bind() 0.0.0.0:1080 #7 
2012/10/23 11:26:36 [debug] 29725#0: counter: B778F080, 1
2012/10/23 11:26:51 [notice] 29519#0: signal 15 (SIGTERM) received, exiting
2012/10/23 11:26:51 [info] 29519#0: epoll_wait() failed (4: Interrupted system call)
2012/10/23 11:26:51 [debug] 29519#0: timer delta: 26087
2012/10/23 11:26:51 [debug] 29519#0: posted events 00000000
2012/10/23 11:26:51 [notice] 29519#0: exiting
2012/10/23 11:26:51 [debug] 29519#0: flush files
2012/10/23 11:26:51 [debug] 29519#0: run cleanup: 09C06AEC
2012/10/23 11:26:51 [debug] 29519#0: cleanup resolver
2012/10/23 11:26:51 [debug] 29519#0: run cleanup: 09BF983C
2012/10/23 11:26:51 [debug] 29519#0: free: 09C0D680
2012/10/23 11:26:51 [debug] 29519#0: free: 09BF8640, unused: 0
2012/10/23 11:26:51 [debug] 29519#0: free: 09C033E0, unused: 0
2012/10/23 11:26:51 [debug] 29519#0: free: 09C083F0, unused: 6504
2012/10/23 11:26:51 [notice] 29519#0: exit
2012/10/23 11:26:51 [notice] 29518#0: signal 17 (SIGCHLD) received
2012/10/23 11:26:51 [notice] 29518#0: worker process 29519 exited with code 0
2012/10/23 11:26:51 [debug] 29518#0: wake up, sigio 0
2012/10/23 11:26:51 [debug] 29518#0: reap children
2012/10/23 11:26:51 [debug] 29518#0: child: 0 29519 e:0 t:1 d:0 r:1 j:0
2012/10/23 11:26:51 [debug] 29518#0: channel 3:8
2012/10/23 11:26:51 [notice] 29518#0: start worker process 29762
2012/10/23 11:26:51 [debug] 29518#0: sigsuspend
2012/10/23 11:26:51 [debug] 29762#0: malloc: 09BFC660:6144
2012/10/23 11:26:51 [debug] 29762#0: malloc: B714E008:6029312
2012/10/23 11:26:51 [debug] 29762#0: malloc: B6E0D008:3407872
2012/10/23 11:26:51 [debug] 29762#0: malloc: B6ACC008:3407872
2012/10/23 11:26:51 [debug] 29762#0: epoll add event: fd:8 op:1 ev:00000001
2012/10/23 11:26:51 [debug] 29762#0: setproctitle: "nginx: worker process"
2012/10/23 11:26:51 [debug] 29762#0: worker cycle
2012/10/23 11:26:51 [debug] 29762#0: epoll timer: -1
2012/10/23 11:27:13 [notice] 29518#0: signal 15 (SIGTERM) received, exiting
2012/10/23 11:27:13 [debug] 29518#0: wake up, sigio 0
2012/10/23 11:27:13 [debug] 29518#0: child: 0 29762 e:0 t:0 d:0 r:1 j:0
2012/10/23 11:27:13 [debug] 29518#0: termination cycle: 50
2012/10/23 11:27:13 [debug] 29518#0: sigsuspend
2012/10/23 11:27:13 [debug] 29762#0: epoll: fd:8 ev:0001 d:B714E064
2012/10/23 11:27:13 [debug] 29762#0: channel handler
2012/10/23 11:27:13 [debug] 29762#0: channel: 16
2012/10/23 11:27:13 [debug] 29762#0: channel command: 4
2012/10/23 11:27:13 [debug] 29762#0: channel: -2
2012/10/23 11:27:13 [debug] 29762#0: timer delta: 22830
2012/10/23 11:27:13 [debug] 29762#0: posted events 00000000
2012/10/23 11:27:13 [notice] 29762#0: exiting
2012/10/23 11:27:13 [debug] 29762#0: flush files
2012/10/23 11:27:13 [debug] 29762#0: run cleanup: 09C06AEC
2012/10/23 11:27:13 [debug] 29762#0: cleanup resolver
2012/10/23 11:27:13 [debug] 29762#0: run cleanup: 09BF983C
2012/10/23 11:27:13 [debug] 29762#0: free: 09C0D680
2012/10/23 11:27:13 [debug] 29762#0: free: 09BF8640, unused: 0
2012/10/23 11:27:13 [debug] 29762#0: free: 09C033E0, unused: 0
2012/10/23 11:27:13 [debug] 29762#0: free: 09C083F0, unused: 6504
2012/10/23 11:27:13 [notice] 29762#0: exit
2012/10/23 11:27:14 [notice] 29518#0: signal 17 (SIGCHLD) received
2012/10/23 11:27:14 [notice] 29518#0: worker process 29762 exited with code 0
2012/10/23 11:27:14 [debug] 29518#0: wake up, sigio 3
2012/10/23 11:27:14 [debug] 29518#0: reap children
2012/10/23 11:27:14 [debug] 29518#0: child: 0 29762 e:1 t:1 d:0 r:1 j:0
2012/10/23 11:27:14 [notice] 29518#0: exit
2012/10/23 11:27:14 [debug] 29518#0: close listening 0.0.0.0:1080 #7 
2012/10/23 11:27:14 [debug] 29518#0: run cleanup: 09C06AEC
2012/10/23 11:27:14 [debug] 29518#0: cleanup resolver
2012/10/23 11:27:14 [debug] 29518#0: run cleanup: 09BF983C
2012/10/23 11:27:14 [debug] 29518#0: free: 09C0D680
2012/10/23 11:27:14 [debug] 29518#0: free: 09BF8640, unused: 0
2012/10/23 11:27:14 [debug] 29518#0: free: 09C033E0, unused: 0
2012/10/23 11:27:14 [debug] 29518#0: free: 09C083F0, unused: 6511
2012/10/23 11:27:26 [debug] 29859#0: bind() 0.0.0.0:1080 #7 
2012/10/23 11:27:26 [notice] 29859#0: using the "epoll" event method
2012/10/23 11:27:26 [debug] 29859#0: counter: B784B080, 1
2012/10/23 11:27:26 [notice] 29859#0: nginx/0.8.54
2012/10/23 11:27:26 [notice] 29859#0: OS: Linux 2.6.38-13-generic
2012/10/23 11:27:26 [notice] 29859#0: getrlimit(RLIMIT_NOFILE): 1024:4096
2012/10/23 11:27:26 [debug] 29860#0: write: 8, BFFC5B36, 6, 0
2012/10/23 11:27:26 [debug] 29860#0: setproctitle: "nginx: master process nginx -c /home/lidesheng/MyWorks/nginx/conf/nginx.conf"
2012/10/23 11:27:26 [notice] 29860#0: start worker processes
2012/10/23 11:27:26 [debug] 29860#0: channel 3:8
2012/10/23 11:27:26 [notice] 29860#0: start worker process 29861
2012/10/23 11:27:26 [debug] 29860#0: sigsuspend
2012/10/23 11:27:26 [debug] 29861#0: malloc: 09A22660:6144
2012/10/23 11:27:26 [debug] 29861#0: malloc: B7274008:6029312
2012/10/23 11:27:26 [debug] 29861#0: malloc: B6F33008:3407872
2012/10/23 11:27:26 [debug] 29861#0: malloc: B6BF2008:3407872
2012/10/23 11:27:26 [debug] 29861#0: epoll add event: fd:8 op:1 ev:00000001
2012/10/23 11:27:26 [debug] 29861#0: setproctitle: "nginx: worker process"
2012/10/23 11:27:26 [debug] 29861#0: worker cycle
2012/10/23 11:27:26 [debug] 29861#0: epoll timer: -1
2012/10/23 11:32:02 [notice] 29860#0: signal 15 (SIGTERM) received, exiting
2012/10/23 11:32:02 [debug] 29860#0: wake up, sigio 0
2012/10/23 11:32:02 [debug] 29860#0: child: 0 29861 e:0 t:0 d:0 r:1 j:0
2012/10/23 11:32:02 [debug] 29860#0: termination cycle: 50
2012/10/23 11:32:02 [debug] 29860#0: sigsuspend
2012/10/23 11:32:02 [debug] 29861#0: epoll: fd:8 ev:0001 d:B7274064
2012/10/23 11:32:02 [debug] 29861#0: channel handler
2012/10/23 11:32:02 [debug] 29861#0: channel: 16
2012/10/23 11:32:02 [debug] 29861#0: channel command: 4
2012/10/23 11:32:02 [debug] 29861#0: channel: -2
2012/10/23 11:32:02 [debug] 29861#0: timer delta: 275962
2012/10/23 11:32:02 [debug] 29861#0: posted events 00000000
2012/10/23 11:32:02 [notice] 29861#0: exiting
2012/10/23 11:32:02 [debug] 29861#0: flush files
2012/10/23 11:32:02 [debug] 29861#0: run cleanup: 09A2D3D0
2012/10/23 11:32:02 [debug] 29861#0: cleanup resolver
2012/10/23 11:32:02 [debug] 29861#0: run cleanup: 09A1F83C
2012/10/23 11:32:02 [debug] 29861#0: free: 09A33680
2012/10/23 11:32:02 [debug] 29861#0: free: 09A1E640, unused: 0
2012/10/23 11:32:02 [debug] 29861#0: free: 09A293E0, unused: 0
2012/10/23 11:32:02 [debug] 29861#0: free: 09A2E3F0, unused: 1828
2012/10/23 11:32:02 [notice] 29861#0: exit
2012/10/23 11:32:02 [notice] 29860#0: signal 17 (SIGCHLD) received
2012/10/23 11:32:02 [notice] 29860#0: worker process 29861 exited with code 0
2012/10/23 11:32:02 [debug] 29860#0: wake up, sigio 3
2012/10/23 11:32:02 [debug] 29860#0: reap children
2012/10/23 11:32:02 [debug] 29860#0: child: 0 29861 e:1 t:1 d:0 r:1 j:0
2012/10/23 11:32:02 [notice] 29860#0: exit
2012/10/23 11:32:02 [debug] 29860#0: close listening 0.0.0.0:1080 #7 
2012/10/23 11:32:02 [debug] 29860#0: run cleanup: 09A2D3D0
2012/10/23 11:32:02 [debug] 29860#0: cleanup resolver
2012/10/23 11:32:02 [debug] 29860#0: run cleanup: 09A1F83C
2012/10/23 11:32:02 [debug] 29860#0: free: 09A33680
2012/10/23 11:32:02 [debug] 29860#0: free: 09A1E640, unused: 0
2012/10/23 11:32:02 [debug] 29860#0: free: 09A293E0, unused: 0
2012/10/23 11:32:02 [debug] 29860#0: free: 09A2E3F0, unused: 1835
2012/10/23 11:32:16 [debug] 30552#0: bind() 0.0.0.0:1080 #7 
2012/10/23 11:32:16 [notice] 30552#0: using the "epoll" event method
2012/10/23 11:32:16 [debug] 30552#0: counter: B78CE080, 1
2012/10/23 11:32:16 [notice] 30552#0: nginx/0.8.54
2012/10/23 11:32:16 [notice] 30552#0: OS: Linux 2.6.38-13-generic
2012/10/23 11:32:16 [notice] 30552#0: getrlimit(RLIMIT_NOFILE): 1024:4096
2012/10/23 11:32:16 [debug] 30553#0: write: 8, BFB9C626, 6, 0
2012/10/23 11:32:16 [debug] 30553#0: setproctitle: "nginx: master process nginx -c /home/lidesheng/MyWorks/nginx/conf/nginx.conf"
2012/10/23 11:32:16 [notice] 30553#0: start worker processes
2012/10/23 11:32:16 [debug] 30553#0: channel 3:8
2012/10/23 11:32:16 [notice] 30553#0: start worker process 30554
2012/10/23 11:32:16 [debug] 30553#0: sigsuspend
2012/10/23 11:32:16 [debug] 30554#0: malloc: 08CE7660:6144
2012/10/23 11:32:16 [debug] 30554#0: malloc: B72F7008:6029312
2012/10/23 11:32:16 [debug] 30554#0: malloc: B6FB6008:3407872
2012/10/23 11:32:16 [debug] 30554#0: malloc: B6C75008:3407872
2012/10/23 11:32:16 [debug] 30554#0: epoll add event: fd:8 op:1 ev:00000001
2012/10/23 11:32:16 [debug] 30554#0: setproctitle: "nginx: worker process"
2012/10/23 11:32:16 [debug] 30554#0: worker cycle
2012/10/23 11:32:16 [debug] 30554#0: epoll timer: -1
2012/10/23 11:33:19 [debug] 30554#0: epoll: fd:7 ev:0001 d:B72F7008
2012/10/23 11:33:19 [debug] 30554#0: timer delta: 62458
2012/10/23 11:33:19 [debug] 30554#0: posted events 00000000
2012/10/23 11:33:19 [debug] 30554#0: worker cycle
2012/10/23 11:33:19 [debug] 30554#0: epoll timer: 60000
2012/10/23 11:33:19 [debug] 30554#0: epoll: fd:3 ev:0001 d:B72F70C0
2012/10/23 11:33:19 [debug] 30554#0: timer delta: 1
2012/10/23 11:33:19 [debug] 30554#0: posted events B6FB6070
2012/10/23 11:33:19 [debug] 30554#0: posted event B6FB6070
2012/10/23 11:33:19 [debug] 30554#0: posted event 00000000
2012/10/23 11:33:19 [debug] 30554#0: worker cycle
2012/10/23 11:33:19 [debug] 30554#0: epoll timer: 65000
2012/10/23 11:34:24 [debug] 30554#0: timer delta: 65066
2012/10/23 11:34:24 [debug] 30554#0: posted events 00000000
2012/10/23 11:34:24 [debug] 30554#0: worker cycle
2012/10/23 11:34:24 [debug] 30554#0: epoll timer: -1
2012/10/23 11:35:38 [debug] 31044#0: bind() 0.0.0.0:1080 #7 
2012/10/23 11:35:38 [emerg] 31044#0: bind() to 0.0.0.0:1080 failed (98: Address already in use)
2012/10/23 11:35:38 [notice] 31044#0: try again to bind() after 500ms
2012/10/23 11:35:38 [debug] 31044#0: bind() 0.0.0.0:1080 #7 
2012/10/23 11:35:38 [emerg] 31044#0: bind() to 0.0.0.0:1080 failed (98: Address already in use)
2012/10/23 11:35:38 [notice] 31044#0: try again to bind() after 500ms
2012/10/23 11:35:38 [debug] 31044#0: bind() 0.0.0.0:1080 #7 
2012/10/23 11:35:38 [emerg] 31044#0: bind() to 0.0.0.0:1080 failed (98: Address already in use)
2012/10/23 11:35:38 [notice] 31044#0: try again to bind() after 500ms
2012/10/23 11:35:38 [debug] 31044#0: bind() 0.0.0.0:1080 #7 
2012/10/23 11:35:38 [emerg] 31044#0: bind() to 0.0.0.0:1080 failed (98: Address already in use)
2012/10/23 11:35:38 [notice] 31044#0: try again to bind() after 500ms
2012/10/23 11:35:38 [debug] 31044#0: bind() 0.0.0.0:1080 #7 
2012/10/23 11:35:38 [emerg] 31044#0: bind() to 0.0.0.0:1080 failed (98: Address already in use)
2012/10/23 11:35:38 [notice] 31044#0: try again to bind() after 500ms
2012/10/23 11:35:38 [emerg] 31044#0: still could not bind()
2012/10/23 11:35:59 [notice] 30553#0: signal 15 (SIGTERM) received, exiting
2012/10/23 11:35:59 [debug] 30553#0: wake up, sigio 0
2012/10/23 11:35:59 [debug] 30553#0: child: 0 30554 e:0 t:0 d:0 r:1 j:0
2012/10/23 11:35:59 [debug] 30553#0: termination cycle: 50
2012/10/23 11:35:59 [debug] 30553#0: sigsuspend
2012/10/23 11:35:59 [debug] 30554#0: epoll: fd:8 ev:0001 d:B72F7064
2012/10/23 11:35:59 [debug] 30554#0: channel handler
2012/10/23 11:35:59 [debug] 30554#0: channel: 16
2012/10/23 11:35:59 [debug] 30554#0: channel command: 4
2012/10/23 11:35:59 [debug] 30554#0: channel: -2
2012/10/23 11:35:59 [debug] 30554#0: timer delta: 95435
2012/10/23 11:35:59 [debug] 30554#0: posted events 00000000
2012/10/23 11:35:59 [notice] 30554#0: exiting
2012/10/23 11:35:59 [debug] 30554#0: flush files
2012/10/23 11:35:59 [debug] 30554#0: run cleanup: 08CF23C4
2012/10/23 11:35:59 [debug] 30554#0: cleanup resolver
2012/10/23 11:35:59 [debug] 30554#0: run cleanup: 08CE483C
2012/10/23 11:35:59 [debug] 30554#0: free: 08CF8680
2012/10/23 11:35:59 [debug] 30554#0: free: 08CE3640, unused: 0
2012/10/23 11:35:59 [debug] 30554#0: free: 08CEE3E0, unused: 0
2012/10/23 11:35:59 [debug] 30554#0: free: 08CF33F0, unused: 2128
2012/10/23 11:35:59 [notice] 30554#0: exit
2012/10/23 11:35:59 [notice] 30553#0: signal 17 (SIGCHLD) received
2012/10/23 11:35:59 [notice] 30553#0: worker process 30554 exited with code 0
2012/10/23 11:35:59 [debug] 30553#0: wake up, sigio 3
2012/10/23 11:35:59 [debug] 30553#0: reap children
2012/10/23 11:35:59 [debug] 30553#0: child: 0 30554 e:1 t:1 d:0 r:1 j:0
2012/10/23 11:35:59 [notice] 30553#0: exit
2012/10/23 11:35:59 [debug] 30553#0: close listening 0.0.0.0:1080 #7 
2012/10/23 11:35:59 [debug] 30553#0: run cleanup: 08CF23C4
2012/10/23 11:35:59 [debug] 30553#0: cleanup resolver
2012/10/23 11:35:59 [debug] 30553#0: run cleanup: 08CE483C
2012/10/23 11:35:59 [debug] 30553#0: free: 08CF8680
2012/10/23 11:35:59 [debug] 30553#0: free: 08CE3640, unused: 0
2012/10/23 11:35:59 [debug] 30553#0: free: 08CEE3E0, unused: 0
2012/10/23 11:35:59 [debug] 30553#0: free: 08CF33F0, unused: 2135
2012/10/23 11:42:04 [debug] 31811#0: bind() 0.0.0.0:1080 #7 
2012/10/23 11:42:04 [notice] 31811#0: using the "epoll" event method
2012/10/23 11:42:04 [debug] 31811#0: counter: B773A080, 1
2012/10/23 11:42:04 [notice] 31811#0: nginx/0.8.54
2012/10/23 11:42:04 [notice] 31811#0: OS: Linux 2.6.38-13-generic
2012/10/23 11:42:04 [notice] 31811#0: getrlimit(RLIMIT_NOFILE): 1024:4096
2012/10/23 11:42:04 [debug] 31812#0: write: 8, BFECC386, 6, 0
2012/10/23 11:42:04 [debug] 31812#0: setproctitle: "nginx: master process nginx -c /home/lidesheng/MyWorks/nginx/conf/nginx.conf"
2012/10/23 11:42:04 [notice] 31812#0: start worker processes
2012/10/23 11:42:04 [debug] 31812#0: channel 3:8
2012/10/23 11:42:04 [notice] 31812#0: start worker process 31813
2012/10/23 11:42:04 [debug] 31812#0: sigsuspend
2012/10/23 11:42:04 [debug] 31813#0: malloc: 09AB0660:6144
2012/10/23 11:42:04 [debug] 31813#0: malloc: B7163008:6029312
2012/10/23 11:42:04 [debug] 31813#0: malloc: B6E22008:3407872
2012/10/23 11:42:04 [debug] 31813#0: malloc: B6AE1008:3407872
2012/10/23 11:42:04 [debug] 31813#0: epoll add event: fd:8 op:1 ev:00000001
2012/10/23 11:42:04 [debug] 31813#0: setproctitle: "nginx: worker process"
2012/10/23 11:42:04 [debug] 31813#0: worker cycle
2012/10/23 11:42:04 [debug] 31813#0: epoll timer: -1
2012/10/23 11:48:21 [notice] 31812#0: signal 15 (SIGTERM) received, exiting
2012/10/23 11:48:21 [debug] 31812#0: wake up, sigio 0
2012/10/23 11:48:21 [debug] 31812#0: child: 0 31813 e:0 t:0 d:0 r:1 j:0
2012/10/23 11:48:21 [debug] 31812#0: termination cycle: 50
2012/10/23 11:48:21 [debug] 31812#0: sigsuspend
2012/10/23 11:48:21 [debug] 31813#0: epoll: fd:8 ev:0001 d:B7163064
2012/10/23 11:48:21 [debug] 31813#0: channel handler
2012/10/23 11:48:21 [debug] 31813#0: channel: 16
2012/10/23 11:48:21 [debug] 31813#0: channel command: 4
2012/10/23 11:48:21 [debug] 31813#0: channel: -2
2012/10/23 11:48:21 [debug] 31813#0: timer delta: 376931
2012/10/23 11:48:21 [debug] 31813#0: posted events 00000000
2012/10/23 11:48:21 [notice] 31813#0: exiting
2012/10/23 11:48:21 [debug] 31813#0: flush files
2012/10/23 11:48:21 [debug] 31813#0: run cleanup: 09ABAAF8
2012/10/23 11:48:21 [debug] 31813#0: cleanup resolver
2012/10/23 11:48:21 [debug] 31813#0: run cleanup: 09AAD83C
2012/10/23 11:48:21 [debug] 31813#0: free: 09AC1680
2012/10/23 11:48:21 [debug] 31813#0: free: 09AAC640, unused: 0
2012/10/23 11:48:21 [debug] 31813#0: free: 09AB73E0, unused: 0
2012/10/23 11:48:21 [debug] 31813#0: free: 09ABC3F0, unused: 6492
2012/10/23 11:48:21 [notice] 31813#0: exit
2012/10/23 11:48:21 [notice] 31812#0: signal 17 (SIGCHLD) received
2012/10/23 11:48:21 [notice] 31812#0: worker process 31813 exited with code 0
2012/10/23 11:48:21 [debug] 31812#0: wake up, sigio 3
2012/10/23 11:48:21 [debug] 31812#0: reap children
2012/10/23 11:48:21 [debug] 31812#0: child: 0 31813 e:1 t:1 d:0 r:1 j:0
2012/10/23 11:48:21 [notice] 31812#0: exit
2012/10/23 11:48:21 [debug] 31812#0: close listening 0.0.0.0:1080 #7 
2012/10/23 11:48:21 [debug] 31812#0: run cleanup: 09ABAAF8
2012/10/23 11:48:21 [debug] 31812#0: cleanup resolver
2012/10/23 11:48:21 [debug] 31812#0: run cleanup: 09AAD83C
2012/10/23 11:48:21 [debug] 31812#0: free: 09AC1680
2012/10/23 11:48:21 [debug] 31812#0: free: 09AAC640, unused: 0
2012/10/23 11:48:21 [debug] 31812#0: free: 09AB73E0, unused: 0
2012/10/23 11:48:21 [debug] 31812#0: free: 09ABC3F0, unused: 6499
2012/10/23 11:48:42 [debug] 32756#0: bind() 0.0.0.0:1080 #7 
2012/10/23 11:48:42 [debug] 32756#0: counter: B775C080, 1
2012/10/23 11:49:31 [debug] 414#0: bind() 0.0.0.0:1080 #7 
2012/10/23 11:49:31 [debug] 414#0: counter: B7803080, 1
2012/10/23 11:55:19 [debug] 1435#0: bind() 0.0.0.0:1080 #7 
2012/10/23 11:55:19 [debug] 1435#0: counter: B77B9080, 1
2012/10/23 11:55:28 [debug] 1459#0: bind() 0.0.0.0:1080 #7 
2012/10/23 11:55:28 [notice] 1459#0: using the "epoll" event method
2012/10/23 11:55:28 [debug] 1459#0: counter: B7888080, 1
2012/10/23 11:55:28 [notice] 1459#0: nginx/0.8.54
2012/10/23 11:55:28 [notice] 1459#0: OS: Linux 2.6.38-13-generic
2012/10/23 11:55:28 [notice] 1459#0: getrlimit(RLIMIT_NOFILE): 1024:4096
2012/10/23 11:55:28 [debug] 1460#0: write: 8, BFF09316, 5, 0
2012/10/23 11:55:28 [debug] 1460#0: setproctitle: "nginx: master process nginx -c /home/lidesheng/MyWorks/nginx/conf/nginx.conf"
2012/10/23 11:55:28 [notice] 1460#0: start worker processes
2012/10/23 11:55:28 [debug] 1460#0: channel 3:8
2012/10/23 11:55:28 [notice] 1460#0: start worker process 1461
2012/10/23 11:55:28 [debug] 1460#0: sigsuspend
2012/10/23 11:55:28 [debug] 1461#0: malloc: 09924660:6144
2012/10/23 11:55:28 [debug] 1461#0: malloc: B72B1008:6029312
2012/10/23 11:55:28 [debug] 1461#0: malloc: B6F70008:3407872
2012/10/23 11:55:28 [debug] 1461#0: malloc: B6C2F008:3407872
2012/10/23 11:55:28 [debug] 1461#0: epoll add event: fd:8 op:1 ev:00000001
2012/10/23 11:55:28 [debug] 1461#0: setproctitle: "nginx: worker process"
2012/10/23 11:55:28 [debug] 1461#0: worker cycle
2012/10/23 11:55:28 [debug] 1461#0: epoll timer: -1
2012/10/23 11:55:58 [notice] 1460#0: signal 15 (SIGTERM) received, exiting
2012/10/23 11:55:58 [debug] 1460#0: wake up, sigio 0
2012/10/23 11:55:58 [debug] 1460#0: child: 0 1461 e:0 t:0 d:0 r:1 j:0
2012/10/23 11:55:58 [debug] 1460#0: termination cycle: 50
2012/10/23 11:55:58 [debug] 1460#0: sigsuspend
2012/10/23 11:55:58 [debug] 1461#0: epoll: fd:8 ev:0001 d:B72B1064
2012/10/23 11:55:58 [debug] 1461#0: channel handler
2012/10/23 11:55:58 [debug] 1461#0: channel: 16
2012/10/23 11:55:58 [debug] 1461#0: channel command: 4
2012/10/23 11:55:58 [debug] 1461#0: channel: -2
2012/10/23 11:55:58 [debug] 1461#0: timer delta: 30191
2012/10/23 11:55:58 [debug] 1461#0: posted events 00000000
2012/10/23 11:55:58 [notice] 1461#0: exiting
2012/10/23 11:55:58 [debug] 1461#0: flush files
2012/10/23 11:55:58 [debug] 1461#0: run cleanup: 0992EADC
2012/10/23 11:55:58 [debug] 1461#0: cleanup resolver
2012/10/23 11:55:58 [debug] 1461#0: run cleanup: 0992183C
2012/10/23 11:55:58 [debug] 1461#0: free: 09935680
2012/10/23 11:55:58 [debug] 1461#0: free: 09920640, unused: 0
2012/10/23 11:55:58 [debug] 1461#0: free: 0992B3E0, unused: 0
2012/10/23 11:55:58 [debug] 1461#0: free: 099303F0, unused: 6520
2012/10/23 11:55:58 [notice] 1461#0: exit
2012/10/23 11:55:58 [notice] 1460#0: signal 17 (SIGCHLD) received
2012/10/23 11:55:58 [notice] 1460#0: worker process 1461 exited with code 0
2012/10/23 11:55:58 [debug] 1460#0: wake up, sigio 3
2012/10/23 11:55:58 [debug] 1460#0: reap children
2012/10/23 11:55:58 [debug] 1460#0: child: 0 1461 e:1 t:1 d:0 r:1 j:0
2012/10/23 11:55:58 [notice] 1460#0: exit
2012/10/23 11:55:58 [debug] 1460#0: close listening 0.0.0.0:1080 #7 
2012/10/23 11:55:58 [debug] 1460#0: run cleanup: 0992EADC
2012/10/23 11:55:58 [debug] 1460#0: cleanup resolver
2012/10/23 11:55:58 [debug] 1460#0: run cleanup: 0992183C
2012/10/23 11:55:58 [debug] 1460#0: free: 09935680
2012/10/23 11:55:58 [debug] 1460#0: free: 09920640, unused: 0
2012/10/23 11:55:58 [debug] 1460#0: free: 0992B3E0, unused: 0
2012/10/23 11:55:58 [debug] 1460#0: free: 099303F0, unused: 6527
2012/10/23 11:56:03 [debug] 1562#0: bind() 0.0.0.0:1080 #7 
2012/10/23 11:56:03 [notice] 1562#0: using the "epoll" event method
2012/10/23 11:56:03 [debug] 1562#0: counter: B7884080, 1
2012/10/23 11:56:03 [notice] 1562#0: nginx/0.8.54
2012/10/23 11:56:03 [notice] 1562#0: OS: Linux 2.6.38-13-generic
2012/10/23 11:56:03 [notice] 1562#0: getrlimit(RLIMIT_NOFILE): 1024:4096
2012/10/23 11:56:03 [debug] 1563#0: write: 8, BFC93086, 5, 0
2012/10/23 11:56:03 [debug] 1563#0: setproctitle: "nginx: master process nginx -c /home/lidesheng/MyWorks/nginx/conf/nginx.conf"
2012/10/23 11:56:03 [notice] 1563#0: start worker processes
2012/10/23 11:56:03 [debug] 1563#0: channel 3:8
2012/10/23 11:56:03 [notice] 1563#0: start worker process 1564
2012/10/23 11:56:03 [debug] 1563#0: sigsuspend
2012/10/23 11:56:03 [debug] 1564#0: malloc: 08C79660:6144
2012/10/23 11:56:03 [debug] 1564#0: malloc: B72AD008:6029312
2012/10/23 11:56:03 [debug] 1564#0: malloc: B6F6C008:3407872
2012/10/23 11:56:03 [debug] 1564#0: malloc: B6C2B008:3407872
2012/10/23 11:56:03 [debug] 1564#0: epoll add event: fd:8 op:1 ev:00000001
2012/10/23 11:56:03 [debug] 1564#0: setproctitle: "nginx: worker process"
2012/10/23 11:56:03 [debug] 1564#0: worker cycle
2012/10/23 11:56:03 [debug] 1564#0: epoll timer: -1
2012/10/23 11:59:47 [notice] 1563#0: signal 15 (SIGTERM) received, exiting
2012/10/23 11:59:47 [debug] 1563#0: wake up, sigio 0
2012/10/23 11:59:47 [debug] 1563#0: child: 0 1564 e:0 t:0 d:0 r:1 j:0
2012/10/23 11:59:47 [debug] 1563#0: termination cycle: 50
2012/10/23 11:59:47 [debug] 1563#0: sigsuspend
2012/10/23 11:59:47 [debug] 1564#0: epoll: fd:8 ev:0001 d:B72AD064
2012/10/23 11:59:47 [debug] 1564#0: channel handler
2012/10/23 11:59:47 [debug] 1564#0: channel: 16
2012/10/23 11:59:47 [debug] 1564#0: channel command: 4
2012/10/23 11:59:47 [debug] 1564#0: channel: -2
2012/10/23 11:59:47 [debug] 1564#0: timer delta: 223242
2012/10/23 11:59:47 [debug] 1564#0: posted events 00000000
2012/10/23 11:59:47 [notice] 1564#0: exiting
2012/10/23 11:59:47 [debug] 1564#0: flush files
2012/10/23 11:59:47 [debug] 1564#0: run cleanup: 08C83AE8
2012/10/23 11:59:47 [debug] 1564#0: cleanup resolver
2012/10/23 11:59:47 [debug] 1564#0: run cleanup: 08C7683C
2012/10/23 11:59:47 [debug] 1564#0: free: 08C8A680
2012/10/23 11:59:47 [debug] 1564#0: free: 08C75640, unused: 0
2012/10/23 11:59:47 [debug] 1564#0: free: 08C803E0, unused: 0
2012/10/23 11:59:47 [debug] 1564#0: free: 08C853F0, unused: 6508
2012/10/23 11:59:47 [notice] 1564#0: exit
2012/10/23 11:59:47 [notice] 1563#0: signal 17 (SIGCHLD) received
2012/10/23 11:59:47 [notice] 1563#0: worker process 1564 exited with code 0
2012/10/23 11:59:47 [debug] 1563#0: wake up, sigio 3
2012/10/23 11:59:47 [debug] 1563#0: reap children
2012/10/23 11:59:47 [debug] 1563#0: child: 0 1564 e:1 t:1 d:0 r:1 j:0
2012/10/23 11:59:47 [notice] 1563#0: exit
2012/10/23 11:59:47 [debug] 1563#0: close listening 0.0.0.0:1080 #7 
2012/10/23 11:59:47 [debug] 1563#0: run cleanup: 08C83AE8
2012/10/23 11:59:47 [debug] 1563#0: cleanup resolver
2012/10/23 11:59:47 [debug] 1563#0: run cleanup: 08C7683C
2012/10/23 11:59:47 [debug] 1563#0: free: 08C8A680
2012/10/23 11:59:47 [debug] 1563#0: free: 08C75640, unused: 0
2012/10/23 11:59:47 [debug] 1563#0: free: 08C803E0, unused: 0
2012/10/23 11:59:47 [debug] 1563#0: free: 08C853F0, unused: 6515
