*** Starting uWSGI 1.3 (32bit) on [Wed Oct 24 09:48:56 2012] ***
compiled with version: 4.5.2 on 23 October 2012 20:28:11
os: Linux-2.6.38-13-generic #53-Ubuntu SMP Mon Nov 28 19:23:39 UTC 2011
nodename: ubuntu
machine: i686
clock source: unix
detected number of CPU cores: 1
current working directory: /etc/nginx
detected binary path: /usr/local/bin/uwsgi
*** WARNING: you are running uWSGI without its master process manager ***
your memory page size is 4096 bytes
detected max file descriptor number: 1024
lock engine: pthread robust mutexes
uwsgi socket 0 bound to TCP address :9090 fd 3
Python version: 2.7.1+ (r271:86832, Apr 11 2011, 18:30:20)  [GCC 4.5.2]
*** Python threads support is disabled. You can enable it with --enable-threads ***
Python main interpreter initialized at 0x8bb2320
your server socket listen backlog is limited to 100 connections
mapped 127520 bytes (124 KB) for 2 cores
*** Operational MODE: preforking ***
unable to load app 0 (mountpoint='') (callable not found or import error)
*** no app loaded. going in full dynamic mode ***
*** uWSGI is running in multiple interpreter mode ***
spawned uWSGI worker 1 (pid: 29654, cores: 1)
spawned uWSGI worker 2 (pid: 29655, cores: 1)
*** Starting uWSGI 1.3 (32bit) on [Wed Oct 24 09:53:15 2012] ***
compiled with version: 4.5.2 on 23 October 2012 20:28:11
os: Linux-2.6.38-13-generic #53-Ubuntu SMP Mon Nov 28 19:23:39 UTC 2011
nodename: ubuntu
machine: i686
clock source: unix
detected number of CPU cores: 1
current working directory: /etc/nginx
detected binary path: /usr/local/bin/uwsgi
*** WARNING: you are running uWSGI without its master process manager ***
your memory page size is 4096 bytes
detected max file descriptor number: 1024
lock engine: pthread robust mutexes
uwsgi socket 0 bound to TCP address :9090 fd 3
Python version: 2.7.1+ (r271:86832, Apr 11 2011, 18:30:20)  [GCC 4.5.2]
*** Python threads support is disabled. You can enable it with --enable-threads ***
Python main interpreter initialized at 0x895c320
your server socket listen backlog is limited to 100 connections
mapped 63760 bytes (62 KB) for 1 cores
*** Operational MODE: single process ***
unable to load app 0 (mountpoint='') (callable not found or import error)
*** no app loaded. going in full dynamic mode ***
*** uWSGI is running in multiple interpreter mode ***
spawned uWSGI worker 1 (and the only) (pid: 30295, cores: 1)
